<?xml version="1.0" encoding="UTF-8"?>
<testsuite name="PersonTest" tests="1" skipped="0" failures="0" errors="0" timestamp="2020-02-10T10:18:21" hostname="admin1-ThinkCentre-M72e" time="0.003">
  <properties/>
  <testcase name="testInterest" classname="PersonTest" time="0.003"/>
  <system-out><![CDATA[]]></system-out>
  <system-err><![CDATA[]]></system-err>
</testsuite>
